API error: {
  method: 'GET',
  path: '/api/dashboard',
  statusCode: 401,
  name: 'Error',
  code: undefined,
  message: 'Unauthorized',
  keyValue: undefined,
  stack: 'Error: Unauthorized\n' +
    '    at file:///C:/Users/dhire/OneDrive/Desktop/inventory-management/inventory-backend/middleware/protect.js:28:11\n' +
    '    at file:///C:/Users/dhire/OneDrive/Desktop/inventory-management/inventory-backend/utils/asyncHandler.js:2:19\n' +
    '    at Layer.handleRequest (C:\\Users\\dhire\\OneDrive\\Desktop\\inventory-management\\inventory-backend\\node_modules\\router\\lib\\layer.js:152:17)\n' +
    '    at trimPrefix (C:\\Users\\dhire\\OneDrive\\Desktop\\inventory-management\\inventory-backend\\node_modules\\router\\index.js:342:13)\n' +
    '    at C:\\Users\\dhire\\OneDrive\\Desktop\\inventory-management\\inventory-backend\\node_modules\\router\\index.js:297:9\n' +
    '    at processParams (C:\\Users\\dhire\\OneDrive\\Desktop\\inventory-management\\inventory-backend\\node_modules\\router\\index.js:582:12)\n' +
    '    at next (C:\\Users\\dhire\\OneDrive\\Desktop\\inventory-management\\inventory-backend\\node_modules\\router\\index.js:291:5)\n' +
    '    at Function.handle (C:\\Users\\dhire\\OneDrive\\Desktop\\inventory-management\\inventory-backend\\node_modules\\router\\index.js:186:3)\n' +
    '    at router (C:\\Users\\dhire\\OneDrive\\Desktop\\inventory-management\\inventory-backend\\node_modules\\router\\index.js:60:12)\n' +
    '    at Layer.handleRequest (C:\\Users\\dhire\\OneDrive\\Desktop\\inventory-management\\inventory-backend\\node_modules\\router\\lib\\layer.js:152:17)'
}
API error: {
  method: 'GET',
  path: '/api/analytics/stock-trend',
  statusCode: 401,
  name: 'Error',
  code: undefined,
  message: 'Unauthorized',
  keyValue: undefined,
  stack: 'Error: Unauthorized\n' +
    '    at file:///C:/Users/dhire/OneDrive/Desktop/inventory-management/inventory-backend/middleware/protect.js:28:11\n' +
    '    at file:///C:/Users/dhire/OneDrive/Desktop/inventory-management/inventory-backend/utils/asyncHandler.js:2:19\n' +
    '    at Layer.handleRequest (C:\\Users\\dhire\\OneDrive\\Desktop\\inventory-management\\inventory-backend\\node_modules\\router\\lib\\layer.js:152:17)\n' +
    '    at trimPrefix (C:\\Users\\dhire\\OneDrive\\Desktop\\inventory-management\\inventory-backend\\node_modules\\router\\index.js:342:13)\n' +
    '    at C:\\Users\\dhire\\OneDrive\\Desktop\\inventory-management\\inventory-backend\\node_modules\\router\\index.js:297:9\n' +
    '    at processParams (C:\\Users\\dhire\\OneDrive\\Desktop\\inventory-management\\inventory-backend\\node_modules\\router\\index.js:582:12)\n' +
    '    at next (C:\\Users\\dhire\\OneDrive\\Desktop\\inventory-management\\inventory-backend\\node_modules\\router\\index.js:291:5)\n' +
    '    at Function.handle (C:\\Users\\dhire\\OneDrive\\Desktop\\inventory-management\\inventory-backend\\node_modules\\router\\index.js:186:3)\n' +
    '    at router (C:\\Users\\dhire\\OneDrive\\Desktop\\inventory-management\\inventory-backend\\node_modules\\router\\index.js:60:12)\n' +
    '    at Layer.handleRequest (C:\\Users\\dhire\\OneDrive\\Desktop\\inventory-management\\inventory-backend\\node_modules\\router\\lib\\layer.js:152:17)'
}
API error: {
  method: 'GET',
  path: '/api/analytics/category-distribution',
  statusCode: 401,
  name: 'Error',
  code: undefined,
  message: 'Unauthorized',
  keyValue: undefined,
  stack: 'Error: Unauthorized\n' +
    '    at file:///C:/Users/dhire/OneDrive/Desktop/inventory-management/inventory-backend/middleware/protect.js:28:11\n' +
    '    at file:///C:/Users/dhire/OneDrive/Desktop/inventory-management/inventory-backend/utils/asyncHandler.js:2:19\n' +
    '    at Layer.handleRequest (C:\\Users\\dhire\\OneDrive\\Desktop\\inventory-management\\inventory-backend\\node_modules\\router\\lib\\layer.js:152:17)\n' +
    '    at trimPrefix (C:\\Users\\dhire\\OneDrive\\Desktop\\inventory-management\\inventory-backend\\node_modules\\router\\index.js:342:13)\n' +
    '    at C:\\Users\\dhire\\OneDrive\\Desktop\\inventory-management\\inventory-backend\\node_modules\\router\\index.js:297:9\n' +
    '    at processParams (C:\\Users\\dhire\\OneDrive\\Desktop\\inventory-management\\inventory-backend\\node_modules\\router\\index.js:582:12)\n' +
    '    at next (C:\\Users\\dhire\\OneDrive\\Desktop\\inventory-management\\inventory-backend\\node_modules\\router\\index.js:291:5)\n' +
    '    at Function.handle (C:\\Users\\dhire\\OneDrive\\Desktop\\inventory-management\\inventory-backend\\node_modules\\router\\index.js:186:3)\n' +
    '    at router (C:\\Users\\dhire\\OneDrive\\Desktop\\inventory-management\\inventory-backend\\node_modules\\router\\index.js:60:12)\n' +
    '    at Layer.handleRequest (C:\\Users\\dhire\\OneDrive\\Desktop\\inventory-management\\inventory-backend\\node_modules\\router\\lib\\layer.js:152:17)'
}
API error: {
  method: 'GET',
  path: '/api/dashboard',
  statusCode: 401,
  name: 'Error',
  code: undefined,
  message: 'Unauthorized',
  keyValue: undefined,
  stack: 'Error: Unauthorized\n' +
    '    at file:///C:/Users/dhire/OneDrive/Desktop/inventory-management/inventory-backend/middleware/protect.js:28:11\n' +
    '    at file:///C:/Users/dhire/OneDrive/Desktop/inventory-management/inventory-backend/utils/asyncHandler.js:2:19\n' +
    '    at Layer.handleRequest (C:\\Users\\dhire\\OneDrive\\Desktop\\inventory-management\\inventory-backend\\node_modules\\router\\lib\\layer.js:152:17)\n' +
    '    at trimPrefix (C:\\Users\\dhire\\OneDrive\\Desktop\\inventory-management\\inventory-backend\\node_modules\\router\\index.js:342:13)\n' +
    '    at C:\\Users\\dhire\\OneDrive\\Desktop\\inventory-management\\inventory-backend\\node_modules\\router\\index.js:297:9\n' +
    '    at processParams (C:\\Users\\dhire\\OneDrive\\Desktop\\inventory-management\\inventory-backend\\node_modules\\router\\index.js:582:12)\n' +
    '    at next (C:\\Users\\dhire\\OneDrive\\Desktop\\inventory-management\\inventory-backend\\node_modules\\router\\index.js:291:5)\n' +
    '    at Function.handle (C:\\Users\\dhire\\OneDrive\\Desktop\\inventory-management\\inventory-backend\\node_modules\\router\\index.js:186:3)\n' +
    '    at router (C:\\Users\\dhire\\OneDrive\\Desktop\\inventory-management\\inventory-backend\\node_modules\\router\\index.js:60:12)\n' +
    '    at Layer.handleRequest (C:\\Users\\dhire\\OneDrive\\Desktop\\inventory-management\\inventory-backend\\node_modules\\router\\lib\\layer.js:152:17)'
}
API error: {
  method: 'GET',
  path: '/api/analytics/stock-trend',
  statusCode: 401,
  name: 'Error',
  code: undefined,
  message: 'Unauthorized',
  keyValue: undefined,
  stack: 'Error: Unauthorized\n' +
    '    at file:///C:/Users/dhire/OneDrive/Desktop/inventory-management/inventory-backend/middleware/protect.js:28:11\n' +
    '    at file:///C:/Users/dhire/OneDrive/Desktop/inventory-management/inventory-backend/utils/asyncHandler.js:2:19\n' +
    '    at Layer.handleRequest (C:\\Users\\dhire\\OneDrive\\Desktop\\inventory-management\\inventory-backend\\node_modules\\router\\lib\\layer.js:152:17)\n' +
    '    at trimPrefix (C:\\Users\\dhire\\OneDrive\\Desktop\\inventory-management\\inventory-backend\\node_modules\\router\\index.js:342:13)\n' +
    '    at C:\\Users\\dhire\\OneDrive\\Desktop\\inventory-management\\inventory-backend\\node_modules\\router\\index.js:297:9\n' +
    '    at processParams (C:\\Users\\dhire\\OneDrive\\Desktop\\inventory-management\\inventory-backend\\node_modules\\router\\index.js:582:12)\n' +
    '    at next (C:\\Users\\dhire\\OneDrive\\Desktop\\inventory-management\\inventory-backend\\node_modules\\router\\index.js:291:5)\n' +
    '    at Function.handle (C:\\Users\\dhire\\OneDrive\\Desktop\\inventory-management\\inventory-backend\\node_modules\\router\\index.js:186:3)\n' +
    '    at router (C:\\Users\\dhire\\OneDrive\\Desktop\\inventory-management\\inventory-backend\\node_modules\\router\\index.js:60:12)\n' +
    '    at Layer.handleRequest (C:\\Users\\dhire\\OneDrive\\Desktop\\inventory-management\\inventory-backend\\node_modules\\router\\lib\\layer.js:152:17)'
}
API error: {
  method: 'GET',
  path: '/api/analytics/category-distribution',
  statusCode: 401,
  name: 'Error',
  code: undefined,
  message: 'Unauthorized',
  keyValue: undefined,
  stack: 'Error: Unauthorized\n' +
    '    at file:///C:/Users/dhire/OneDrive/Desktop/inventory-management/inventory-backend/middleware/protect.js:28:11\n' +
    '    at file:///C:/Users/dhire/OneDrive/Desktop/inventory-management/inventory-backend/utils/asyncHandler.js:2:19\n' +
    '    at Layer.handleRequest (C:\\Users\\dhire\\OneDrive\\Desktop\\inventory-management\\inventory-backend\\node_modules\\router\\lib\\layer.js:152:17)\n' +
    '    at trimPrefix (C:\\Users\\dhire\\OneDrive\\Desktop\\inventory-management\\inventory-backend\\node_modules\\router\\index.js:342:13)\n' +
    '    at C:\\Users\\dhire\\OneDrive\\Desktop\\inventory-management\\inventory-backend\\node_modules\\router\\index.js:297:9\n' +
    '    at processParams (C:\\Users\\dhire\\OneDrive\\Desktop\\inventory-management\\inventory-backend\\node_modules\\router\\index.js:582:12)\n' +
    '    at next (C:\\Users\\dhire\\OneDrive\\Desktop\\inventory-management\\inventory-backend\\node_modules\\router\\index.js:291:5)\n' +
    '    at Function.handle (C:\\Users\\dhire\\OneDrive\\Desktop\\inventory-management\\inventory-backend\\node_modules\\router\\index.js:186:3)\n' +
    '    at router (C:\\Users\\dhire\\OneDrive\\Desktop\\inventory-management\\inventory-backend\\node_modules\\router\\index.js:60:12)\n' +
    '    at Layer.handleRequest (C:\\Users\\dhire\\OneDrive\\Desktop\\inventory-management\\inventory-backend\\node_modules\\router\\lib\\layer.js:152:17)'
}
API error: {
  method: 'GET',
  path: '/api/dashboard',
  statusCode: 401,
  name: 'Error',
  code: undefined,
  message: 'Unauthorized',
  keyValue: undefined,
  stack: 'Error: Unauthorized\n' +
    '    at file:///C:/Users/dhire/OneDrive/Desktop/inventory-management/inventory-backend/middleware/protect.js:28:11\n' +
    '    at file:///C:/Users/dhire/OneDrive/Desktop/inventory-management/inventory-backend/utils/asyncHandler.js:2:19\n' +
    '    at Layer.handleRequest (C:\\Users\\dhire\\OneDrive\\Desktop\\inventory-management\\inventory-backend\\node_modules\\router\\lib\\layer.js:152:17)\n' +
    '    at trimPrefix (C:\\Users\\dhire\\OneDrive\\Desktop\\inventory-management\\inventory-backend\\node_modules\\router\\index.js:342:13)\n' +
    '    at C:\\Users\\dhire\\OneDrive\\Desktop\\inventory-management\\inventory-backend\\node_modules\\router\\index.js:297:9\n' +
    '    at processParams (C:\\Users\\dhire\\OneDrive\\Desktop\\inventory-management\\inventory-backend\\node_modules\\router\\index.js:582:12)\n' +
    '    at next (C:\\Users\\dhire\\OneDrive\\Desktop\\inventory-management\\inventory-backend\\node_modules\\router\\index.js:291:5)\n' +
    '    at Function.handle (C:\\Users\\dhire\\OneDrive\\Desktop\\inventory-management\\inventory-backend\\node_modules\\router\\index.js:186:3)\n' +
    '    at router (C:\\Users\\dhire\\OneDrive\\Desktop\\inventory-management\\inventory-backend\\node_modules\\router\\index.js:60:12)\n' +
    '    at Layer.handleRequest (C:\\Users\\dhire\\OneDrive\\Desktop\\inventory-management\\inventory-backend\\node_modules\\router\\lib\\layer.js:152:17)'
}
API error: {
  method: 'GET',
  path: '/api/analytics/stock-trend',
  statusCode: 401,
  name: 'Error',
  code: undefined,
  message: 'Unauthorized',
  keyValue: undefined,
  stack: 'Error: Unauthorized\n' +
    '    at file:///C:/Users/dhire/OneDrive/Desktop/inventory-management/inventory-backend/middleware/protect.js:28:11\n' +
    '    at file:///C:/Users/dhire/OneDrive/Desktop/inventory-management/inventory-backend/utils/asyncHandler.js:2:19\n' +
    '    at Layer.handleRequest (C:\\Users\\dhire\\OneDrive\\Desktop\\inventory-management\\inventory-backend\\node_modules\\router\\lib\\layer.js:152:17)\n' +
    '    at trimPrefix (C:\\Users\\dhire\\OneDrive\\Desktop\\inventory-management\\inventory-backend\\node_modules\\router\\index.js:342:13)\n' +
    '    at C:\\Users\\dhire\\OneDrive\\Desktop\\inventory-management\\inventory-backend\\node_modules\\router\\index.js:297:9\n' +
    '    at processParams (C:\\Users\\dhire\\OneDrive\\Desktop\\inventory-management\\inventory-backend\\node_modules\\router\\index.js:582:12)\n' +
    '    at next (C:\\Users\\dhire\\OneDrive\\Desktop\\inventory-management\\inventory-backend\\node_modules\\router\\index.js:291:5)\n' +
    '    at Function.handle (C:\\Users\\dhire\\OneDrive\\Desktop\\inventory-management\\inventory-backend\\node_modules\\router\\index.js:186:3)\n' +
    '    at router (C:\\Users\\dhire\\OneDrive\\Desktop\\inventory-management\\inventory-backend\\node_modules\\router\\index.js:60:12)\n' +
    '    at Layer.handleRequest (C:\\Users\\dhire\\OneDrive\\Desktop\\inventory-management\\inventory-backend\\node_modules\\router\\lib\\layer.js:152:17)'
}
API error: {
  method: 'GET',
  path: '/api/analytics/category-distribution',
  statusCode: 401,
  name: 'Error',
  code: undefined,
  message: 'Unauthorized',
  keyValue: undefined,
  stack: 'Error: Unauthorized\n' +
    '    at file:///C:/Users/dhire/OneDrive/Desktop/inventory-management/inventory-backend/middleware/protect.js:28:11\n' +
    '    at file:///C:/Users/dhire/OneDrive/Desktop/inventory-management/inventory-backend/utils/asyncHandler.js:2:19\n' +
    '    at Layer.handleRequest (C:\\Users\\dhire\\OneDrive\\Desktop\\inventory-management\\inventory-backend\\node_modules\\router\\lib\\layer.js:152:17)\n' +
    '    at trimPrefix (C:\\Users\\dhire\\OneDrive\\Desktop\\inventory-management\\inventory-backend\\node_modules\\router\\index.js:342:13)\n' +
    '    at C:\\Users\\dhire\\OneDrive\\Desktop\\inventory-management\\inventory-backend\\node_modules\\router\\index.js:297:9\n' +
    '    at processParams (C:\\Users\\dhire\\OneDrive\\Desktop\\inventory-management\\inventory-backend\\node_modules\\router\\index.js:582:12)\n' +
    '    at next (C:\\Users\\dhire\\OneDrive\\Desktop\\inventory-management\\inventory-backend\\node_modules\\router\\index.js:291:5)\n' +
    '    at Function.handle (C:\\Users\\dhire\\OneDrive\\Desktop\\inventory-management\\inventory-backend\\node_modules\\router\\index.js:186:3)\n' +
    '    at router (C:\\Users\\dhire\\OneDrive\\Desktop\\inventory-management\\inventory-backend\\node_modules\\router\\index.js:60:12)\n' +
    '    at Layer.handleRequest (C:\\Users\\dhire\\OneDrive\\Desktop\\inventory-management\\inventory-backend\\node_modules\\router\\lib\\layer.js:152:17)'
}
API error: {
  method: 'GET',
  path: '/api/dashboard',
  statusCode: 401,
  name: 'Error',
  code: undefined,
  message: 'Unauthorized',
  keyValue: undefined,
  stack: 'Error: Unauthorized\n' +
    '    at file:///C:/Users/dhire/OneDrive/Desktop/inventory-management/inventory-backend/middleware/protect.js:28:11\n' +
    '    at file:///C:/Users/dhire/OneDrive/Desktop/inventory-management/inventory-backend/utils/asyncHandler.js:2:19\n' +
    '    at Layer.handleRequest (C:\\Users\\dhire\\OneDrive\\Desktop\\inventory-management\\inventory-backend\\node_modules\\router\\lib\\layer.js:152:17)\n' +
    '    at trimPrefix (C:\\Users\\dhire\\OneDrive\\Desktop\\inventory-management\\inventory-backend\\node_modules\\router\\index.js:342:13)\n' +
    '    at C:\\Users\\dhire\\OneDrive\\Desktop\\inventory-management\\inventory-backend\\node_modules\\router\\index.js:297:9\n' +
    '    at processParams (C:\\Users\\dhire\\OneDrive\\Desktop\\inventory-management\\inventory-backend\\node_modules\\router\\index.js:582:12)\n' +
    '    at next (C:\\Users\\dhire\\OneDrive\\Desktop\\inventory-management\\inventory-backend\\node_modules\\router\\index.js:291:5)\n' +
    '    at Function.handle (C:\\Users\\dhire\\OneDrive\\Desktop\\inventory-management\\inventory-backend\\node_modules\\router\\index.js:186:3)\n' +
    '    at router (C:\\Users\\dhire\\OneDrive\\Desktop\\inventory-management\\inventory-backend\\node_modules\\router\\index.js:60:12)\n' +
    '    at Layer.handleRequest (C:\\Users\\dhire\\OneDrive\\Desktop\\inventory-management\\inventory-backend\\node_modules\\router\\lib\\layer.js:152:17)'
}
API error: {
  method: 'GET',
  path: '/api/analytics/stock-trend',
  statusCode: 401,
  name: 'Error',
  code: undefined,
  message: 'Unauthorized',
  keyValue: undefined,
  stack: 'Error: Unauthorized\n' +
    '    at file:///C:/Users/dhire/OneDrive/Desktop/inventory-management/inventory-backend/middleware/protect.js:28:11\n' +
    '    at file:///C:/Users/dhire/OneDrive/Desktop/inventory-management/inventory-backend/utils/asyncHandler.js:2:19\n' +
    '    at Layer.handleRequest (C:\\Users\\dhire\\OneDrive\\Desktop\\inventory-management\\inventory-backend\\node_modules\\router\\lib\\layer.js:152:17)\n' +
    '    at trimPrefix (C:\\Users\\dhire\\OneDrive\\Desktop\\inventory-management\\inventory-backend\\node_modules\\router\\index.js:342:13)\n' +
    '    at C:\\Users\\dhire\\OneDrive\\Desktop\\inventory-management\\inventory-backend\\node_modules\\router\\index.js:297:9\n' +
    '    at processParams (C:\\Users\\dhire\\OneDrive\\Desktop\\inventory-management\\inventory-backend\\node_modules\\router\\index.js:582:12)\n' +
    '    at next (C:\\Users\\dhire\\OneDrive\\Desktop\\inventory-management\\inventory-backend\\node_modules\\router\\index.js:291:5)\n' +
    '    at Function.handle (C:\\Users\\dhire\\OneDrive\\Desktop\\inventory-management\\inventory-backend\\node_modules\\router\\index.js:186:3)\n' +
    '    at router (C:\\Users\\dhire\\OneDrive\\Desktop\\inventory-management\\inventory-backend\\node_modules\\router\\index.js:60:12)\n' +
    '    at Layer.handleRequest (C:\\Users\\dhire\\OneDrive\\Desktop\\inventory-management\\inventory-backend\\node_modules\\router\\lib\\layer.js:152:17)'
}
API error: {
  method: 'GET',
  path: '/api/analytics/category-distribution',
  statusCode: 401,
  name: 'Error',
  code: undefined,
  message: 'Unauthorized',
  keyValue: undefined,
  stack: 'Error: Unauthorized\n' +
    '    at file:///C:/Users/dhire/OneDrive/Desktop/inventory-management/inventory-backend/middleware/protect.js:28:11\n' +
    '    at file:///C:/Users/dhire/OneDrive/Desktop/inventory-management/inventory-backend/utils/asyncHandler.js:2:19\n' +
    '    at Layer.handleRequest (C:\\Users\\dhire\\OneDrive\\Desktop\\inventory-management\\inventory-backend\\node_modules\\router\\lib\\layer.js:152:17)\n' +
    '    at trimPrefix (C:\\Users\\dhire\\OneDrive\\Desktop\\inventory-management\\inventory-backend\\node_modules\\router\\index.js:342:13)\n' +
    '    at C:\\Users\\dhire\\OneDrive\\Desktop\\inventory-management\\inventory-backend\\node_modules\\router\\index.js:297:9\n' +
    '    at processParams (C:\\Users\\dhire\\OneDrive\\Desktop\\inventory-management\\inventory-backend\\node_modules\\router\\index.js:582:12)\n' +
    '    at next (C:\\Users\\dhire\\OneDrive\\Desktop\\inventory-management\\inventory-backend\\node_modules\\router\\index.js:291:5)\n' +
    '    at Function.handle (C:\\Users\\dhire\\OneDrive\\Desktop\\inventory-management\\inventory-backend\\node_modules\\router\\index.js:186:3)\n' +
    '    at router (C:\\Users\\dhire\\OneDrive\\Desktop\\inventory-management\\inventory-backend\\node_modules\\router\\index.js:60:12)\n' +
    '    at Layer.handleRequest (C:\\Users\\dhire\\OneDrive\\Desktop\\inventory-management\\inventory-backend\\node_modules\\router\\lib\\layer.js:152:17)'
}
Failed to start server: index not found with name [sku_1]
Failed to start server: index not found with name [sku_1]
(node:2256) [MONGOOSE] Warning: mongoose: the `new` option for `findOneAndUpdate()` and `findOneAndReplace()` is deprecated. Use `returnDocument: 'after'` instead.
(Use `node --trace-warnings ...` to show where the warning was created)
(node:2256) [MONGOOSE] Warning: mongoose: the `new` option for `findOneAndUpdate()` and `findOneAndReplace()` is deprecated. Use `returnDocument: 'after'` instead.
(node:2256) [MONGOOSE] Warning: mongoose: the `new` option for `findOneAndUpdate()` and `findOneAndReplace()` is deprecated. Use `returnDocument: 'after'` instead.
(node:2256) [MONGOOSE] Warning: mongoose: the `new` option for `findOneAndUpdate()` and `findOneAndReplace()` is deprecated. Use `returnDocument: 'after'` instead.
(node:2256) [MONGOOSE] Warning: mongoose: the `new` option for `findOneAndUpdate()` and `findOneAndReplace()` is deprecated. Use `returnDocument: 'after'` instead.
(node:2256) [MONGOOSE] Warning: mongoose: the `new` option for `findOneAndUpdate()` and `findOneAndReplace()` is deprecated. Use `returnDocument: 'after'` instead.
(node:2256) [MONGOOSE] Warning: mongoose: the `new` option for `findOneAndUpdate()` and `findOneAndReplace()` is deprecated. Use `returnDocument: 'after'` instead.
(node:2256) [MONGOOSE] Warning: mongoose: the `new` option for `findOneAndUpdate()` and `findOneAndReplace()` is deprecated. Use `returnDocument: 'after'` instead.
(node:2256) [MONGOOSE] Warning: mongoose: the `new` option for `findOneAndUpdate()` and `findOneAndReplace()` is deprecated. Use `returnDocument: 'after'` instead.
(node:2256) [MONGOOSE] Warning: mongoose: the `new` option for `findOneAndUpdate()` and `findOneAndReplace()` is deprecated. Use `returnDocument: 'after'` instead.
(node:2256) [MONGOOSE] Warning: mongoose: the `new` option for `findOneAndUpdate()` and `findOneAndReplace()` is deprecated. Use `returnDocument: 'after'` instead.
(node:2256) [MONGOOSE] Warning: mongoose: the `new` option for `findOneAndUpdate()` and `findOneAndReplace()` is deprecated. Use `returnDocument: 'after'` instead.
(node:2256) [MONGOOSE] Warning: mongoose: the `new` option for `findOneAndUpdate()` and `findOneAndReplace()` is deprecated. Use `returnDocument: 'after'` instead.
(node:2256) [MONGOOSE] Warning: mongoose: the `new` option for `findOneAndUpdate()` and `findOneAndReplace()` is deprecated. Use `returnDocument: 'after'` instead.
(node:2256) [MONGOOSE] Warning: mongoose: the `new` option for `findOneAndUpdate()` and `findOneAndReplace()` is deprecated. Use `returnDocument: 'after'` instead.
(node:2256) [MONGOOSE] Warning: mongoose: the `new` option for `findOneAndUpdate()` and `findOneAndReplace()` is deprecated. Use `returnDocument: 'after'` instead.
(node:2256) [MONGOOSE] Warning: mongoose: the `new` option for `findOneAndUpdate()` and `findOneAndReplace()` is deprecated. Use `returnDocument: 'after'` instead.
(node:2256) [MONGOOSE] Warning: mongoose: the `new` option for `findOneAndUpdate()` and `findOneAndReplace()` is deprecated. Use `returnDocument: 'after'` instead.
(node:2256) [MONGOOSE] Warning: mongoose: the `new` option for `findOneAndUpdate()` and `findOneAndReplace()` is deprecated. Use `returnDocument: 'after'` instead.
(node:2256) [MONGOOSE] Warning: mongoose: the `new` option for `findOneAndUpdate()` and `findOneAndReplace()` is deprecated. Use `returnDocument: 'after'` instead.
(node:2256) [MONGOOSE] Warning: mongoose: the `new` option for `findOneAndUpdate()` and `findOneAndReplace()` is deprecated. Use `returnDocument: 'after'` instead.
(node:2256) [MONGOOSE] Warning: mongoose: the `new` option for `findOneAndUpdate()` and `findOneAndReplace()` is deprecated. Use `returnDocument: 'after'` instead.
(node:2256) [MONGOOSE] Warning: mongoose: the `new` option for `findOneAndUpdate()` and `findOneAndReplace()` is deprecated. Use `returnDocument: 'after'` instead.
(node:2256) [MONGOOSE] Warning: mongoose: the `new` option for `findOneAndUpdate()` and `findOneAndReplace()` is deprecated. Use `returnDocument: 'after'` instead.
(node:2256) [MONGOOSE] Warning: mongoose: the `new` option for `findOneAndUpdate()` and `findOneAndReplace()` is deprecated. Use `returnDocument: 'after'` instead.
(node:2256) [MONGOOSE] Warning: mongoose: the `new` option for `findOneAndUpdate()` and `findOneAndReplace()` is deprecated. Use `returnDocument: 'after'` instead.
(node:2256) [MONGOOSE] Warning: mongoose: the `new` option for `findOneAndUpdate()` and `findOneAndReplace()` is deprecated. Use `returnDocument: 'after'` instead.
(node:2256) [MONGOOSE] Warning: mongoose: the `new` option for `findOneAndUpdate()` and `findOneAndReplace()` is deprecated. Use `returnDocument: 'after'` instead.
(node:2256) [MONGOOSE] Warning: mongoose: the `new` option for `findOneAndUpdate()` and `findOneAndReplace()` is deprecated. Use `returnDocument: 'after'` instead.
(node:2256) [MONGOOSE] Warning: mongoose: the `new` option for `findOneAndUpdate()` and `findOneAndReplace()` is deprecated. Use `returnDocument: 'after'` instead.
(node:2256) [MONGOOSE] Warning: mongoose: the `new` option for `findOneAndUpdate()` and `findOneAndReplace()` is deprecated. Use `returnDocument: 'after'` instead.
(node:2256) [MONGOOSE] Warning: mongoose: the `new` option for `findOneAndUpdate()` and `findOneAndReplace()` is deprecated. Use `returnDocument: 'after'` instead.
(node:2256) [MONGOOSE] Warning: mongoose: the `new` option for `findOneAndUpdate()` and `findOneAndReplace()` is deprecated. Use `returnDocument: 'after'` instead.
(node:2256) [MONGOOSE] Warning: mongoose: the `new` option for `findOneAndUpdate()` and `findOneAndReplace()` is deprecated. Use `returnDocument: 'after'` instead.
(node:2256) [MONGOOSE] Warning: mongoose: the `new` option for `findOneAndUpdate()` and `findOneAndReplace()` is deprecated. Use `returnDocument: 'after'` instead.
(node:2256) [MONGOOSE] Warning: mongoose: the `new` option for `findOneAndUpdate()` and `findOneAndReplace()` is deprecated. Use `returnDocument: 'after'` instead.
(node:2256) [MONGOOSE] Warning: mongoose: the `new` option for `findOneAndUpdate()` and `findOneAndReplace()` is deprecated. Use `returnDocument: 'after'` instead.
(node:2256) [MONGOOSE] Warning: mongoose: the `new` option for `findOneAndUpdate()` and `findOneAndReplace()` is deprecated. Use `returnDocument: 'after'` instead.
(node:2256) [MONGOOSE] Warning: mongoose: the `new` option for `findOneAndUpdate()` and `findOneAndReplace()` is deprecated. Use `returnDocument: 'after'` instead.
(node:2256) [MONGOOSE] Warning: mongoose: the `new` option for `findOneAndUpdate()` and `findOneAndReplace()` is deprecated. Use `returnDocument: 'after'` instead.
(node:2256) [MONGOOSE] Warning: mongoose: the `new` option for `findOneAndUpdate()` and `findOneAndReplace()` is deprecated. Use `returnDocument: 'after'` instead.
(node:2256) [MONGOOSE] Warning: mongoose: the `new` option for `findOneAndUpdate()` and `findOneAndReplace()` is deprecated. Use `returnDocument: 'after'` instead.
(node:2256) [MONGOOSE] Warning: mongoose: the `new` option for `findOneAndUpdate()` and `findOneAndReplace()` is deprecated. Use `returnDocument: 'after'` instead.
(node:2256) [MONGOOSE] Warning: mongoose: the `new` option for `findOneAndUpdate()` and `findOneAndReplace()` is deprecated. Use `returnDocument: 'after'` instead.
(node:2256) [MONGOOSE] Warning: mongoose: the `new` option for `findOneAndUpdate()` and `findOneAndReplace()` is deprecated. Use `returnDocument: 'after'` instead.
(node:2256) [MONGOOSE] Warning: mongoose: the `new` option for `findOneAndUpdate()` and `findOneAndReplace()` is deprecated. Use `returnDocument: 'after'` instead.
(node:2256) [MONGOOSE] Warning: mongoose: the `new` option for `findOneAndUpdate()` and `findOneAndReplace()` is deprecated. Use `returnDocument: 'after'` instead.
(node:2256) [MONGOOSE] Warning: mongoose: the `new` option for `findOneAndUpdate()` and `findOneAndReplace()` is deprecated. Use `returnDocument: 'after'` instead.
(node:2256) [MONGOOSE] Warning: mongoose: the `new` option for `findOneAndUpdate()` and `findOneAndReplace()` is deprecated. Use `returnDocument: 'after'` instead.
(node:2256) [MONGOOSE] Warning: mongoose: the `new` option for `findOneAndUpdate()` and `findOneAndReplace()` is deprecated. Use `returnDocument: 'after'` instead.
(node:21840) [MONGOOSE] Warning: mongoose: Duplicate schema index on {"shop":1} for model "Store". This is often due to declaring an index using both "index: true" and "schema.index()". Please remove the duplicate index definition.
(Use `node --trace-warnings ...` to show where the warning was created)
Failed to start server: index not found with name [user_1]
(node:21656) [MONGOOSE] Warning: mongoose: Duplicate schema index on {"shop":1} for model "Store". This is often due to declaring an index using both "index: true" and "schema.index()". Please remove the duplicate index definition.
(Use `node --trace-warnings ...` to show where the warning was created)
Failed to start server: Cannot pass an array to query updates unless the `updatePipeline` option is set.
(node:6716) [MONGOOSE] Warning: mongoose: Duplicate schema index on {"shop":1} for model "Store". This is often due to declaring an index using both "index: true" and "schema.index()". Please remove the duplicate index definition.
(Use `node --trace-warnings ...` to show where the warning was created)
Failed to start server: Cannot pass an array to query updates unless the `updatePipeline` option is set.
(node:29448) [MONGOOSE] Warning: mongoose: Duplicate schema index on {"shop":1} for model "Store". This is often due to declaring an index using both "index: true" and "schema.index()". Please remove the duplicate index definition.
(Use `node --trace-warnings ...` to show where the warning was created)
Failed to start server: Cannot pass an array to query updates unless the `updatePipeline` option is set.
Failed to start server: Cannot pass an array to query updates unless the `updatePipeline` option is set.
Failed to start server: Cannot pass an array to query updates unless the `updatePipeline` option is set.
Failed to start server: Cannot pass an array to query updates unless the `updatePipeline` option is set.
Failed to start server: Cannot pass an array to query updates unless the `updatePipeline` option is set.
node:internal/modules/esm/resolve:274
    throw new ERR_MODULE_NOT_FOUND(
          ^

Error [ERR_MODULE_NOT_FOUND]: Cannot find module 'C:\Users\dhire\OneDrive\Desktop\inventory-management\inventory-backend\middleware\verifyShop.js' imported from C:\Users\dhire\OneDrive\Desktop\inventory-management\inventory-backend\routes\analyticsRoutes.js
    at finalizeResolution (node:internal/modules/esm/resolve:274:11)
    at moduleResolve (node:internal/modules/esm/resolve:859:10)
    at defaultResolve (node:internal/modules/esm/resolve:983:11)
    at #cachedDefaultResolve (node:internal/modules/esm/loader:731:20)
    at ModuleLoader.resolve (node:internal/modules/esm/loader:708:38)
    at ModuleLoader.getModuleJobForImport (node:internal/modules/esm/loader:310:38)
    at ModuleJob._link (node:internal/modules/esm/module_job:183:49) {
  code: 'ERR_MODULE_NOT_FOUND',
  url: 'file:///C:/Users/dhire/OneDrive/Desktop/inventory-management/inventory-backend/middleware/verifyShop.js'
}

Node.js v22.20.0
node:internal/modules/esm/resolve:274
    throw new ERR_MODULE_NOT_FOUND(
          ^

Error [ERR_MODULE_NOT_FOUND]: Cannot find module 'C:\Users\dhire\OneDrive\Desktop\inventory-management\inventory-backend\middleware\verifyShop.js' imported from C:\Users\dhire\OneDrive\Desktop\inventory-management\inventory-backend\routes\analyticsRoutes.js
    at finalizeResolution (node:internal/modules/esm/resolve:274:11)
    at moduleResolve (node:internal/modules/esm/resolve:859:10)
    at defaultResolve (node:internal/modules/esm/resolve:983:11)
    at #cachedDefaultResolve (node:internal/modules/esm/loader:731:20)
    at ModuleLoader.resolve (node:internal/modules/esm/loader:708:38)
    at ModuleLoader.getModuleJobForImport (node:internal/modules/esm/loader:310:38)
    at ModuleJob._link (node:internal/modules/esm/module_job:183:49) {
  code: 'ERR_MODULE_NOT_FOUND',
  url: 'file:///C:/Users/dhire/OneDrive/Desktop/inventory-management/inventory-backend/middleware/verifyShop.js'
}

Node.js v22.20.0
node:internal/modules/esm/resolve:274
    throw new ERR_MODULE_NOT_FOUND(
          ^

Error [ERR_MODULE_NOT_FOUND]: Cannot find module 'C:\Users\dhire\OneDrive\Desktop\inventory-management\inventory-backend\middleware\verifyShop.js' imported from C:\Users\dhire\OneDrive\Desktop\inventory-management\inventory-backend\routes\analyticsRoutes.js
    at finalizeResolution (node:internal/modules/esm/resolve:274:11)
    at moduleResolve (node:internal/modules/esm/resolve:859:10)
    at defaultResolve (node:internal/modules/esm/resolve:983:11)
    at #cachedDefaultResolve (node:internal/modules/esm/loader:731:20)
    at ModuleLoader.resolve (node:internal/modules/esm/loader:708:38)
    at ModuleLoader.getModuleJobForImport (node:internal/modules/esm/loader:310:38)
    at ModuleJob._link (node:internal/modules/esm/module_job:183:49) {
  code: 'ERR_MODULE_NOT_FOUND',
  url: 'file:///C:/Users/dhire/OneDrive/Desktop/inventory-management/inventory-backend/middleware/verifyShop.js'
}

Node.js v22.20.0
(node:33852) [MONGOOSE] Warning: mongoose: the `new` option for `findOneAndUpdate()` and `findOneAndReplace()` is deprecated. Use `returnDocument: 'after'` instead.
(Use `node --trace-warnings ...` to show where the warning was created)
(node:33852) [MONGOOSE] Warning: mongoose: the `new` option for `findOneAndUpdate()` and `findOneAndReplace()` is deprecated. Use `returnDocument: 'after'` instead.
(node:33852) [MONGOOSE] Warning: mongoose: the `new` option for `findOneAndUpdate()` and `findOneAndReplace()` is deprecated. Use `returnDocument: 'after'` instead.
(node:33852) [MONGOOSE] Warning: mongoose: the `new` option for `findOneAndUpdate()` and `findOneAndReplace()` is deprecated. Use `returnDocument: 'after'` instead.
(node:33852) [MONGOOSE] Warning: mongoose: the `new` option for `findOneAndUpdate()` and `findOneAndReplace()` is deprecated. Use `returnDocument: 'after'` instead.
(node:33852) [MONGOOSE] Warning: mongoose: the `new` option for `findOneAndUpdate()` and `findOneAndReplace()` is deprecated. Use `returnDocument: 'after'` instead.
(node:33852) [MONGOOSE] Warning: mongoose: the `new` option for `findOneAndUpdate()` and `findOneAndReplace()` is deprecated. Use `returnDocument: 'after'` instead.
(node:33852) [MONGOOSE] Warning: mongoose: the `new` option for `findOneAndUpdate()` and `findOneAndReplace()` is deprecated. Use `returnDocument: 'after'` instead.
(node:33852) [MONGOOSE] Warning: mongoose: the `new` option for `findOneAndUpdate()` and `findOneAndReplace()` is deprecated. Use `returnDocument: 'after'` instead.
(node:33852) [MONGOOSE] Warning: mongoose: the `new` option for `findOneAndUpdate()` and `findOneAndReplace()` is deprecated. Use `returnDocument: 'after'` instead.
(node:33852) [MONGOOSE] Warning: mongoose: the `new` option for `findOneAndUpdate()` and `findOneAndReplace()` is deprecated. Use `returnDocument: 'after'` instead.
(node:33852) [MONGOOSE] Warning: mongoose: the `new` option for `findOneAndUpdate()` and `findOneAndReplace()` is deprecated. Use `returnDocument: 'after'` instead.
(node:33852) [MONGOOSE] Warning: mongoose: the `new` option for `findOneAndUpdate()` and `findOneAndReplace()` is deprecated. Use `returnDocument: 'after'` instead.
(node:33852) [MONGOOSE] Warning: mongoose: the `new` option for `findOneAndUpdate()` and `findOneAndReplace()` is deprecated. Use `returnDocument: 'after'` instead.
(node:33852) [MONGOOSE] Warning: mongoose: the `new` option for `findOneAndUpdate()` and `findOneAndReplace()` is deprecated. Use `returnDocument: 'after'` instead.
(node:33852) [MONGOOSE] Warning: mongoose: the `new` option for `findOneAndUpdate()` and `findOneAndReplace()` is deprecated. Use `returnDocument: 'after'` instead.
(node:33852) [MONGOOSE] Warning: mongoose: the `new` option for `findOneAndUpdate()` and `findOneAndReplace()` is deprecated. Use `returnDocument: 'after'` instead.
(node:33852) [MONGOOSE] Warning: mongoose: the `new` option for `findOneAndUpdate()` and `findOneAndReplace()` is deprecated. Use `returnDocument: 'after'` instead.
(node:33852) [MONGOOSE] Warning: mongoose: the `new` option for `findOneAndUpdate()` and `findOneAndReplace()` is deprecated. Use `returnDocument: 'after'` instead.
(node:33852) [MONGOOSE] Warning: mongoose: the `new` option for `findOneAndUpdate()` and `findOneAndReplace()` is deprecated. Use `returnDocument: 'after'` instead.
(node:33852) [MONGOOSE] Warning: mongoose: the `new` option for `findOneAndUpdate()` and `findOneAndReplace()` is deprecated. Use `returnDocument: 'after'` instead.
(node:33852) [MONGOOSE] Warning: mongoose: the `new` option for `findOneAndUpdate()` and `findOneAndReplace()` is deprecated. Use `returnDocument: 'after'` instead.
(node:33852) [MONGOOSE] Warning: mongoose: the `new` option for `findOneAndUpdate()` and `findOneAndReplace()` is deprecated. Use `returnDocument: 'after'` instead.
(node:33852) [MONGOOSE] Warning: mongoose: the `new` option for `findOneAndUpdate()` and `findOneAndReplace()` is deprecated. Use `returnDocument: 'after'` instead.
(node:33852) [MONGOOSE] Warning: mongoose: the `new` option for `findOneAndUpdate()` and `findOneAndReplace()` is deprecated. Use `returnDocument: 'after'` instead.
(node:33852) [MONGOOSE] Warning: mongoose: the `new` option for `findOneAndUpdate()` and `findOneAndReplace()` is deprecated. Use `returnDocument: 'after'` instead.
Failed to start server: index not found with name [sku_1]
(node:14440) [MONGOOSE] Warning: mongoose: the `new` option for `findOneAndUpdate()` and `findOneAndReplace()` is deprecated. Use `returnDocument: 'after'` instead.
(Use `node --trace-warnings ...` to show where the warning was created)
(node:14440) [MONGOOSE] Warning: mongoose: the `new` option for `findOneAndUpdate()` and `findOneAndReplace()` is deprecated. Use `returnDocument: 'after'` instead.
(node:14440) [MONGOOSE] Warning: mongoose: the `new` option for `findOneAndUpdate()` and `findOneAndReplace()` is deprecated. Use `returnDocument: 'after'` instead.
(node:14440) [MONGOOSE] Warning: mongoose: the `new` option for `findOneAndUpdate()` and `findOneAndReplace()` is deprecated. Use `returnDocument: 'after'` instead.
(node:14440) [MONGOOSE] Warning: mongoose: the `new` option for `findOneAndUpdate()` and `findOneAndReplace()` is deprecated. Use `returnDocument: 'after'` instead.
(node:14440) [MONGOOSE] Warning: mongoose: the `new` option for `findOneAndUpdate()` and `findOneAndReplace()` is deprecated. Use `returnDocument: 'after'` instead.
(node:14440) [MONGOOSE] Warning: mongoose: the `new` option for `findOneAndUpdate()` and `findOneAndReplace()` is deprecated. Use `returnDocument: 'after'` instead.
(node:14440) [MONGOOSE] Warning: mongoose: the `new` option for `findOneAndUpdate()` and `findOneAndReplace()` is deprecated. Use `returnDocument: 'after'` instead.
(node:14440) [MONGOOSE] Warning: mongoose: the `new` option for `findOneAndUpdate()` and `findOneAndReplace()` is deprecated. Use `returnDocument: 'after'` instead.
(node:14440) [MONGOOSE] Warning: mongoose: the `new` option for `findOneAndUpdate()` and `findOneAndReplace()` is deprecated. Use `returnDocument: 'after'` instead.
(node:14440) [MONGOOSE] Warning: mongoose: the `new` option for `findOneAndUpdate()` and `findOneAndReplace()` is deprecated. Use `returnDocument: 'after'` instead.
(node:14440) [MONGOOSE] Warning: mongoose: the `new` option for `findOneAndUpdate()` and `findOneAndReplace()` is deprecated. Use `returnDocument: 'after'` instead.
(node:14440) [MONGOOSE] Warning: mongoose: the `new` option for `findOneAndUpdate()` and `findOneAndReplace()` is deprecated. Use `returnDocument: 'after'` instead.
(node:14440) [MONGOOSE] Warning: mongoose: the `new` option for `findOneAndUpdate()` and `findOneAndReplace()` is deprecated. Use `returnDocument: 'after'` instead.
(node:14440) [MONGOOSE] Warning: mongoose: the `new` option for `findOneAndUpdate()` and `findOneAndReplace()` is deprecated. Use `returnDocument: 'after'` instead.
(node:14440) [MONGOOSE] Warning: mongoose: the `new` option for `findOneAndUpdate()` and `findOneAndReplace()` is deprecated. Use `returnDocument: 'after'` instead.
(node:14440) [MONGOOSE] Warning: mongoose: the `new` option for `findOneAndUpdate()` and `findOneAndReplace()` is deprecated. Use `returnDocument: 'after'` instead.
(node:14440) [MONGOOSE] Warning: mongoose: the `new` option for `findOneAndUpdate()` and `findOneAndReplace()` is deprecated. Use `returnDocument: 'after'` instead.
Failed to start server: index not found with name [sku_1]
